  Source.cpp
c:\users\rayfat\source\repos\myplotengine\myplotengine\source.cpp(157): warning C4244: аргумент: преобразование "_Ty" в "T", возможна потеря данных
          with
          [
              _Ty=int
          ]
          and
          [
              T=float
          ]
c:\users\rayfat\source\repos\myplotengine\myplotengine\source.cpp(167): warning C4244: аргумент: преобразование "_Ty" в "T", возможна потеря данных
          with
          [
              _Ty=int
          ]
          and
          [
              T=float
          ]
c:\users\rayfat\source\repos\myplotengine\myplotengine\source.cpp(245): warning C4244: аргумент: преобразование "_Ty" в "float", возможна потеря данных
          with
          [
              _Ty=int
          ]
c:\users\rayfat\source\repos\myplotengine\myplotengine\source.cpp(256): warning C4244: аргумент: преобразование "_Ty" в "float", возможна потеря данных
          with
          [
              _Ty=int
          ]
c:\users\rayfat\source\repos\myplotengine\myplotengine\source.cpp(256): warning C4244: аргумент: преобразование "int" в "float", возможна потеря данных
c:\users\rayfat\source\repos\myplotengine\myplotengine\source.cpp(267): warning C4244: аргумент: преобразование "_Ty" в "float", возможна потеря данных
          with
          [
              _Ty=int
          ]
c:\users\rayfat\source\repos\myplotengine\myplotengine\source.cpp(276): warning C4244: аргумент: преобразование "double" в "float", возможна потеря данных
c:\users\rayfat\source\repos\myplotengine\myplotengine\source.cpp(278): warning C4244: аргумент: преобразование "double" в "float", возможна потеря данных
c:\users\rayfat\source\repos\myplotengine\myplotengine\source.cpp(293): warning C4244: аргумент: преобразование "double" в "float", возможна потеря данных
c:\users\rayfat\source\repos\myplotengine\myplotengine\source.cpp(295): warning C4244: аргумент: преобразование "double" в "float", возможна потеря данных
c:\users\rayfat\source\repos\myplotengine\myplotengine\source.cpp(307): warning C4244: аргумент: преобразование "double" в "float", возможна потеря данных
c:\users\rayfat\source\repos\myplotengine\myplotengine\source.cpp(318): warning C4244: аргумент: преобразование "double" в "float", возможна потеря данных
c:\users\rayfat\source\repos\myplotengine\myplotengine\source.cpp(373): warning C4244: аргумент: преобразование "_Ty" в "T", возможна потеря данных
          with
          [
              _Ty=int
          ]
          and
          [
              T=float
          ]
c:\users\rayfat\source\repos\myplotengine\myplotengine\source.cpp(391): warning C4244: инициализация: преобразование "T" в "int", возможна потеря данных
          with
          [
              T=float
          ]
c:\users\rayfat\source\repos\myplotengine\myplotengine\source.cpp(392): warning C4244: аргумент: преобразование "int" в "float", возможна потеря данных
c:\users\rayfat\source\repos\myplotengine\myplotengine\source.cpp(401): warning C4244: инициализация: преобразование "T" в "int", возможна потеря данных
          with
          [
              T=float
          ]
c:\users\rayfat\source\repos\myplotengine\myplotengine\source.cpp(402): warning C4244: аргумент: преобразование "int" в "float", возможна потеря данных
c:\users\rayfat\source\repos\myplotengine\myplotengine\source.cpp(410): warning C4244: инициализация: преобразование "T" в "int", возможна потеря данных
          with
          [
              T=float
          ]
c:\users\rayfat\source\repos\myplotengine\myplotengine\source.cpp(411): warning C4244: аргумент: преобразование "int" в "float", возможна потеря данных
c:\users\rayfat\source\repos\myplotengine\myplotengine\source.cpp(420): warning C4244: инициализация: преобразование "double" в "int", возможна потеря данных
  Создание кода
  All 643 functions were compiled because no usable IPDB/IOBJ from previous compilation was found.
  Создание кода завершено
  MyplotEngine.vcxproj -> C:\Users\Rayfat\source\repos\MyplotEngine\x64\Release\MyplotEngine.exe
